\BOOKMARK [0][-]{chapter*.1}{Resumo}{}% 1
\BOOKMARK [0][-]{chapter*.3}{Abstract}{}% 2
\BOOKMARK [0][-]{section*.4}{Agradecimentos}{}% 3
\BOOKMARK [0][-]{section*.5}{\315ndice}{}% 4
\BOOKMARK [0][-]{section*.6}{\315ndice de Figuras}{}% 5
\BOOKMARK [0][-]{section*.7}{\315ndice de Tabelas}{}% 6
\BOOKMARK [0][-]{section*.8}{\315ndice de Listagens}{}% 7
\BOOKMARK [0][-]{chapter.1}{1 Introdu\347\343o}{}% 8
\BOOKMARK [1][-]{section.1.1}{1.1 \302mbito}{chapter.1}% 9
\BOOKMARK [1][-]{section.1.2}{1.2 Institui\347\343o de acolhimento}{chapter.1}% 10
\BOOKMARK [0][-]{chapter.2}{2 T\355tulo do Cap\355tulo 2}{}% 11
\BOOKMARK [1][-]{section.2.1}{2.1 Titulo de uma se\347\343o}{chapter.2}% 12
\BOOKMARK [2][-]{subsection.2.1.1}{2.1.1 T\355tulo de uma subse\347\343o}{section.2.1}% 13
\BOOKMARK [1][-]{section.2.2}{2.2 Exemplos de Listagens}{chapter.2}% 14
\BOOKMARK [1][-]{section.2.3}{2.3 Um exemplo de tabela}{chapter.2}% 15
\BOOKMARK [0][-]{chapter.3}{3 T\355tulo do Cap\355tulo 3}{}% 16
\BOOKMARK [0][-]{section*.10}{Ap\352ndices}{}% 17
\BOOKMARK [0][-]{appendix.A}{I T\355tulo do Ap\352ndice I}{}% 18
\BOOKMARK [0][-]{section*.11}{Anexos}{}% 19
\BOOKMARK [0][-]{appendix.A}{I T\355tulo do Anexo I}{}% 20
